<?xml version="1.0" encoding="UTF-8"?>
<!-- Generated by org.testng.reporters.JUnitReportReporter -->
<testsuite hostname="LenovoIdeaPad" failures="0" tests="2" name="tests.TodaysDealPageTest" time="5.029" errors="0" timestamp="2023-12-09T12:52:02 IST" skipped="0">
  <testcase classname="tests.TodaysDealPageTest" name="test_login" time="3.551"/>
  <system-out/>
  <testcase classname="tests.TodaysDealPageTest" name="dealstoday" time="1.478"/>
  <system-out/>
</testsuite> <!-- tests.TodaysDealPageTest -->
