<?xml version="1.0" encoding="UTF-8"?>
<!-- Generated by org.testng.reporters.JUnitReportReporter -->
<testsuite hostname="LenovoIdeaPad" failures="0" tests="4" name="tests.FictionBooksTest" time="14.134" errors="0" timestamp="2023-12-09T12:52:02 IST" skipped="0">
  <testcase classname="tests.FictionBooksTest" name="test_login" time="3.619"/>
  <system-out/>
  <testcase classname="tests.FictionBooksTest" name="FictionBooksclick" time="6.028"/>
  <system-out/>
  <testcase classname="tests.FictionBooksTest" name="book1_click" time="2.444"/>
  <system-out/>
  <testcase classname="tests.FictionBooksTest" name="buynow_click" time="2.043"/>
  <system-out/>
</testsuite> <!-- tests.FictionBooksTest -->
